<?xml version="1.0" encoding="UTF-8"?>
<!-- Generated by org.testng.reporters.JUnitReportReporter -->
<testsuite hostname="LAPTOP-FF1D2J10" failures="0" tests="1" name="Test_cases.TC_loginPage" time="1.868" errors="0" timestamp="2023-07-04T17:45:48 IST" skipped="0">
  <testcase classname="Test_cases.TC_loginPage" name="Login" time="1.868"/>
</testsuite> <!-- Test_cases.TC_loginPage -->
